2026-06-25 04:21:14,142 [INFO] Post: Someone who has watched both Naruto and One Piece, which one do you think is better?
2026-06-25 04:21:14,142 [INFO] Total users with history: 2
2026-06-25 04:21:14,225 [INFO] Vector DB loaded. Total vectors: 11259
2026-06-25 04:21:14,225 [INFO] Loaded 2 existing results from simulation_results_xz2z5p.csv.
2026-06-25 04:21:14,225 [INFO] Users to simulate: 0 | Skipping already done: 2
2026-06-25 04:21:14,225 [INFO] Saved 2 results to simulation_results_xz2z5p.csv.
2026-06-25 04:23:56,127 [INFO] Post: Someone who has watched both Naruto and One Piece, which one do you think is better?
2026-06-25 04:23:56,127 [INFO] Total users with history: 2
2026-06-25 04:23:56,204 [INFO] Vector DB loaded. Total vectors: 11259
2026-06-25 04:23:56,204 [INFO] Loaded 2 existing results from simulation_results_xz2z5p.csv.
2026-06-25 04:23:56,204 [INFO] Users to simulate: 0 | Skipping already done: 2
2026-06-25 04:23:56,204 [INFO] Saved 2 results to simulation_results_xz2z5p.csv.
2026-06-25 04:24:50,552 [INFO] Post: Someone who has watched both Naruto and One Piece, which one do you think is better?
2026-06-25 04:24:50,552 [INFO] Total users with history: 2
2026-06-25 04:24:50,633 [INFO] Vector DB loaded. Total vectors: 11259
2026-06-25 04:24:50,633 [INFO] Users to simulate: 2 | Skipping already done: 0
2026-06-25 04:24:50,633 [INFO] Simulating: MeanAverageness
2026-06-25 04:25:06,278 [INFO] HTTP Request: POST http://localhost:11434/v1/chat/completions "HTTP/1.1 200 OK"
2026-06-25 04:25:06,284 [INFO] Response for MeanAverageness:
Here's my attempt at generating a comment that aligns with twin_MeanAverageness' tone and interests:

"I've got to respectfully disagree with the folks saying One Piece is inherently better than Naruto. Don't get me wrong, I love OP as much as the next guy, but for me, Naruto's characters and world-building just resonate more on an emotional level. Plus, let's be real, the pacing of Naruto was always more consistent, whereas One Piece can get a bit bloated at times.

That being said, I think both series have their unique strengths. If you're looking for an epic adventure with memorable fights, One Piece might be the way to go. But if you want something that'll actually make you feel all the feels (see: Ichiraku's speech in that one episode), then Naruto's your bet.

To each their own though! What do y'all think - are there any other anime out there that capture that same balance of action, humor, and heart?"
2026-06-25 04:25:06,284 [INFO] Simulating: basketball414
2026-06-25 04:25:08,805 [INFO] HTTP Request: POST http://localhost:11434/v1/chat/completions "HTTP/1.1 200 OK"
2026-06-25 04:25:08,806 [INFO] Response for basketball414:
Here's a plausible Reddit comment for user "twin_basketball414":

"Haha, gotta go for Naruto all the way! I mean, who can forget those epic battles against Pain and Itachi? And let's not even get started on the Akatsuki saga. One Piece has its moments too, but Naruto just has that extra something special. Now if you'll excuse me, I need to go rewatch Clannad After Story for like the 10th time"
2026-06-25 04:25:08,807 [INFO] Saved 2 results to simulation_results_xz2z5p.csv.
